e:\네오플\매이플 갠포폴__\메이플 갠포폴\gameframework\gameframework\x64\debug\gameframework.pch
e:\네오플\매이플 갠포폴__\메이플 갠포폴\gameframework\gameframework\x64\debug\vc142.pdb
e:\네오플\매이플 갠포폴__\메이플 갠포폴\gameframework\gameframework\x64\debug\vc142.idb
e:\네오플\매이플 갠포폴__\메이플 갠포폴\gameframework\gameframework\x64\debug\stdafx.obj
e:\네오플\매이플 갠포폴__\메이플 갠포폴\gameframework\gameframework\x64\debug\farbackground.obj
e:\네오플\매이플 갠포폴__\메이플 갠포폴\gameframework\gameframework\x64\debug\excelloader.obj
e:\네오플\매이플 갠포폴__\메이플 갠포폴\gameframework\gameframework\x64\debug\entitymanager.obj
e:\네오플\매이플 갠포폴__\메이플 갠포폴\gameframework\gameframework\x64\debug\emptyui.obj
e:\네오플\매이플 갠포폴__\메이플 갠포폴\gameframework\gameframework\x64\debug\dxfont.obj
e:\네오플\매이플 갠포폴__\메이플 갠포폴\gameframework\gameframework\x64\debug\door.obj
e:\네오플\매이플 갠포폴__\메이플 갠포폴\gameframework\gameframework\x64\debug\devicemanager.obj
e:\네오플\매이플 갠포폴__\메이플 갠포폴\gameframework\gameframework\x64\debug\commonenemystate.obj
e:\네오플\매이플 갠포폴__\메이플 갠포폴\gameframework\gameframework\x64\debug\commonenemy.obj
e:\네오플\매이플 갠포폴__\메이플 갠포폴\gameframework\gameframework\x64\debug\commoneffect.obj
e:\네오플\매이플 갠포폴__\메이플 갠포폴\gameframework\gameframework\x64\debug\camera.obj
e:\네오플\매이플 갠포폴__\메이플 갠포폴\gameframework\gameframework\x64\debug\bullet.obj
e:\네오플\매이플 갠포폴__\메이플 갠포폴\gameframework\gameframework\x64\debug\buffer.obj
e:\네오플\매이플 갠포폴__\메이플 갠포폴\gameframework\gameframework\x64\debug\buff.obj
e:\네오플\매이플 갠포폴__\메이플 갠포폴\gameframework\gameframework\x64\debug\boxcollider.obj
e:\네오플\매이플 갠포폴__\메이플 갠포폴\gameframework\gameframework\x64\debug\boundary.obj
e:\네오플\매이플 갠포폴__\메이플 갠포폴\gameframework\gameframework\x64\debug\bosseffect.obj
e:\네오플\매이플 갠포폴__\메이플 갠포폴\gameframework\gameframework\x64\debug\bigsurigum.obj
e:\네오플\매이플 갠포폴__\메이플 갠포폴\gameframework\gameframework\x64\debug\background.obj
e:\네오플\매이플 갠포폴__\메이플 갠포폴\gameframework\gameframework\x64\debug\attackbox.obj
e:\네오플\매이플 갠포폴__\메이플 갠포폴\gameframework\gameframework\x64\debug\light.obj
e:\네오플\매이플 갠포폴__\메이플 갠포폴\gameframework\gameframework\x64\debug\jsoncpp.obj
e:\네오플\매이플 갠포폴__\메이플 갠포폴\gameframework\gameframework\x64\debug\itemshop.obj
e:\네오플\매이플 갠포폴__\메이플 갠포폴\gameframework\gameframework\x64\debug\inventory.obj
e:\네오플\매이플 갠포폴__\메이플 갠포폴\gameframework\gameframework\x64\debug\itemcomponent.obj
e:\네오플\매이플 갠포폴__\메이플 갠포폴\gameframework\gameframework\x64\debug\item.obj
e:\네오플\매이플 갠포폴__\메이플 갠포폴\gameframework\gameframework\x64\debug\inputmanager.obj
e:\네오플\매이플 갠포폴__\메이플 갠포폴\gameframework\gameframework\x64\debug\ingame.obj
e:\네오플\매이플 갠포폴__\메이플 갠포폴\gameframework\gameframework\x64\debug\horntailstate.obj
e:\네오플\매이플 갠포폴__\메이플 갠포폴\gameframework\gameframework\x64\debug\horntailrightstate.obj
e:\네오플\매이플 갠포폴__\메이플 갠포폴\gameframework\gameframework\x64\debug\horntailright.obj
e:\네오플\매이플 갠포폴__\메이플 갠포폴\gameframework\gameframework\x64\debug\horntailleftstate.obj
e:\네오플\매이플 갠포폴__\메이플 갠포폴\gameframework\gameframework\x64\debug\horntailleft.obj
e:\네오플\매이플 갠포폴__\메이플 갠포폴\gameframework\gameframework\x64\debug\horntail.obj
e:\네오플\매이플 갠포폴__\메이플 갠포폴\gameframework\gameframework\x64\debug\crimsonstate.obj
e:\네오플\매이플 갠포폴__\메이플 갠포폴\gameframework\gameframework\x64\debug\crimson.obj
e:\네오플\매이플 갠포폴__\메이플 갠포폴\gameframework\gameframework\x64\debug\goblinstate.obj
e:\네오플\매이플 갠포폴__\메이플 갠포폴\gameframework\gameframework\x64\debug\gameframework.obj
e:\네오플\매이플 갠포폴__\메이플 갠포폴\gameframework\gameframework\x64\debug\gamecore.obj
e:\네오플\매이플 갠포폴__\메이플 갠포폴\gameframework\gameframework\x64\debug\gamemanager.obj
e:\네오플\매이플 갠포폴__\메이플 갠포폴\gameframework\gameframework\x64\debug\rendertarget.obj
e:\네오플\매이플 갠포폴__\메이플 갠포폴\gameframework\gameframework\x64\debug\ray.obj
e:\네오플\매이플 갠포폴__\메이플 갠포폴\gameframework\gameframework\x64\debug\fighterstate.obj
e:\네오플\매이플 갠포폴__\메이플 갠포폴\gameframework\gameframework\x64\debug\playercontroller.obj
e:\네오플\매이플 갠포폴__\메이플 갠포폴\gameframework\gameframework\x64\debug\partyui.obj
e:\네오플\매이플 갠포폴__\메이플 갠포폴\gameframework\gameframework\x64\debug\otherplayercontroller.obj
e:\네오플\매이플 갠포폴__\메이플 갠포폴\gameframework\gameframework\x64\debug\otherenemycontroller.obj
e:\네오플\매이플 갠포폴__\메이플 갠포폴\gameframework\gameframework\x64\debug\othereffect.obj
e:\네오플\매이플 갠포폴__\메이플 갠포폴\gameframework\gameframework\x64\debug\otherattackbox.obj
e:\네오플\매이플 갠포폴__\메이플 갠포폴\gameframework\gameframework\x64\debug\number.obj
e:\네오플\매이플 갠포폴__\메이플 갠포폴\gameframework\gameframework\x64\debug\npc1.obj
e:\네오플\매이플 갠포폴__\메이플 갠포폴\gameframework\gameframework\x64\debug\networkmanager.obj
e:\네오플\매이플 갠포폴__\메이플 갠포폴\gameframework\gameframework\x64\debug\nenguard.obj
e:\네오플\매이플 갠포폴__\메이플 갠포폴\gameframework\gameframework\x64\debug\mouse.obj
e:\네오플\매이플 갠포폴__\메이플 갠포폴\gameframework\gameframework\x64\debug\monobehaviour.obj
e:\네오플\매이플 갠포폴__\메이플 갠포폴\gameframework\gameframework\x64\debug\miniportal.obj
e:\네오플\매이플 갠포폴__\메이플 갠포폴\gameframework\gameframework\x64\debug\mathmanager.obj
e:\네오플\매이플 갠포폴__\메이플 갠포폴\gameframework\gameframework\x64\debug\mapbasic.obj
e:\네오플\매이플 갠포폴__\메이플 갠포폴\gameframework\gameframework\x64\debug\login.obj
e:\네오플\매이플 갠포폴__\메이플 갠포폴\gameframework\gameframework\x64\debug\lobby.obj
e:\네오플\매이플 갠포폴__\메이플 갠포폴\gameframework\gameframework\x64\debug\uibutton.obj
e:\네오플\매이플 갠포폴__\메이플 갠포폴\gameframework\gameframework\x64\debug\dnfui.obj
e:\네오플\매이플 갠포폴__\메이플 갠포폴\gameframework\gameframework\x64\debug\transform.obj
e:\네오플\매이플 갠포폴__\메이플 갠포폴\gameframework\gameframework\x64\debug\timemanager.obj
e:\네오플\매이플 갠포폴__\메이플 갠포폴\gameframework\gameframework\x64\debug\texture.obj
e:\네오플\매이플 갠포폴__\메이플 갠포폴\gameframework\gameframework\x64\debug\text.obj
e:\네오플\매이플 갠포폴__\메이플 갠포폴\gameframework\gameframework\x64\debug\sprite.obj
e:\네오플\매이플 갠포폴__\메이플 갠포폴\gameframework\gameframework\x64\debug\testcontroller.obj
e:\네오플\매이플 갠포폴__\메이플 갠포폴\gameframework\gameframework\x64\debug\targetbox.obj
e:\네오플\매이플 갠포폴__\메이플 갠포폴\gameframework\gameframework\x64\debug\atlasanimation.obj
e:\네오플\매이플 갠포폴__\메이플 갠포폴\gameframework\gameframework\x64\debug\status.obj
e:\네오플\매이플 갠포폴__\메이플 갠포폴\gameframework\gameframework\x64\debug\statemachine.obj
e:\네오플\매이플 갠포폴__\메이플 갠포폴\gameframework\gameframework\x64\debug\sound.obj
e:\네오플\매이플 갠포폴__\메이플 갠포폴\gameframework\gameframework\x64\debug\sludpclient.obj
e:\네오플\매이플 갠포폴__\메이플 갠포폴\gameframework\gameframework\x64\debug\sltcpclient.obj
e:\네오플\매이플 갠포폴__\메이플 갠포폴\gameframework\gameframework\x64\debug\skill.obj
e:\네오플\매이플 갠포폴__\메이플 갠포폴\gameframework\gameframework\x64\debug\shader.obj
e:\네오플\매이플 갠포폴__\메이플 갠포폴\gameframework\gameframework\x64\debug\scenemanager.obj
e:\네오플\매이플 갠포폴__\메이플 갠포폴\gameframework\gameframework\x64\debug\rigidbody.obj
e:\네오플\매이플 갠포폴__\메이플 갠포폴\gameframework\gameframework\x64\debug\resourcemanagement.obj
e:\네오플\매이플 갠포폴__\메이플 갠포폴\gameframework\gameframework\x64\debug\weaponstatus.obj
e:\네오플\매이플 갠포폴__\메이플 갠포폴\gameframework\gameframework\x64\debug\weaponeffect.obj
e:\네오플\매이플 갠포폴__\메이플 갠포폴\gameframework\gameframework\x64\debug\weapon.obj
e:\네오플\매이플 갠포폴__\메이플 갠포폴\gameframework\gameframework\x64\debug\uiwindow.obj
e:\네오플\매이플 갠포폴__\메이플 갠포폴\gameframework\gameframework\x64\debug\uitext.obj
e:\네오플\매이플 갠포폴__\메이플 갠포폴\gameframework\gameframework\x64\debug\uilabel.obj
e:\네오플\매이플 갠포폴__\메이플 갠포폴\gameframework\gameframework\x64\debug\uicomponent.obj
e:\경량화작업중\gameframework\gameframework\x64\debug\gameframework.pch
e:\경량화작업중\gameframework\gameframework\x64\debug\vc142.pdb
e:\경량화작업중\gameframework\gameframework\x64\debug\vc142.idb
e:\경량화작업중\gameframework\gameframework\x64\debug\stdafx.obj
e:\경량화작업중\gameframework\gameframework\x64\debug\farbackground.obj
e:\경량화작업중\gameframework\gameframework\x64\debug\excelloader.obj
e:\경량화작업중\gameframework\gameframework\x64\debug\entitymanager.obj
e:\경량화작업중\gameframework\gameframework\x64\debug\emptyui.obj
e:\경량화작업중\gameframework\gameframework\x64\debug\dxfont.obj
e:\경량화작업중\gameframework\gameframework\x64\debug\door.obj
e:\경량화작업중\gameframework\gameframework\x64\debug\devicemanager.obj
e:\경량화작업중\gameframework\gameframework\x64\debug\commonenemystate.obj
e:\경량화작업중\gameframework\gameframework\x64\debug\commonenemy.obj
e:\경량화작업중\gameframework\gameframework\x64\debug\commoneffect.obj
e:\경량화작업중\gameframework\gameframework\x64\debug\camera.obj
e:\경량화작업중\gameframework\gameframework\x64\debug\bullet.obj
e:\경량화작업중\gameframework\gameframework\x64\debug\buffer.obj
e:\경량화작업중\gameframework\gameframework\x64\debug\buff.obj
e:\경량화작업중\gameframework\gameframework\x64\debug\boxcollider.obj
e:\경량화작업중\gameframework\gameframework\x64\debug\boundary.obj
e:\경량화작업중\gameframework\gameframework\x64\debug\bosseffect.obj
e:\경량화작업중\gameframework\gameframework\x64\debug\bigsurigum.obj
e:\경량화작업중\gameframework\gameframework\x64\debug\background.obj
e:\경량화작업중\gameframework\gameframework\x64\debug\attackbox.obj
e:\경량화작업중\gameframework\gameframework\x64\debug\light.obj
e:\경량화작업중\gameframework\gameframework\x64\debug\jsoncpp.obj
e:\경량화작업중\gameframework\gameframework\x64\debug\itemshop.obj
e:\경량화작업중\gameframework\gameframework\x64\debug\inventory.obj
e:\경량화작업중\gameframework\gameframework\x64\debug\itemcomponent.obj
e:\경량화작업중\gameframework\gameframework\x64\debug\item.obj
e:\경량화작업중\gameframework\gameframework\x64\debug\inputmanager.obj
e:\경량화작업중\gameframework\gameframework\x64\debug\ingame.obj
e:\경량화작업중\gameframework\gameframework\x64\debug\horntailstate.obj
e:\경량화작업중\gameframework\gameframework\x64\debug\horntailrightstate.obj
e:\경량화작업중\gameframework\gameframework\x64\debug\horntailright.obj
e:\경량화작업중\gameframework\gameframework\x64\debug\horntailleftstate.obj
e:\경량화작업중\gameframework\gameframework\x64\debug\horntailleft.obj
e:\경량화작업중\gameframework\gameframework\x64\debug\horntail.obj
e:\경량화작업중\gameframework\gameframework\x64\debug\crimsonstate.obj
e:\경량화작업중\gameframework\gameframework\x64\debug\crimson.obj
e:\경량화작업중\gameframework\gameframework\x64\debug\goblinstate.obj
e:\경량화작업중\gameframework\gameframework\x64\debug\gameframework.obj
e:\경량화작업중\gameframework\gameframework\x64\debug\gamecore.obj
e:\경량화작업중\gameframework\gameframework\x64\debug\gamemanager.obj
e:\경량화작업중\gameframework\gameframework\x64\debug\rendertarget.obj
e:\경량화작업중\gameframework\gameframework\x64\debug\ray.obj
e:\경량화작업중\gameframework\gameframework\x64\debug\fighterstate.obj
e:\경량화작업중\gameframework\gameframework\x64\debug\playercontroller.obj
e:\경량화작업중\gameframework\gameframework\x64\debug\partyui.obj
e:\경량화작업중\gameframework\gameframework\x64\debug\otherplayercontroller.obj
e:\경량화작업중\gameframework\gameframework\x64\debug\otherenemycontroller.obj
e:\경량화작업중\gameframework\gameframework\x64\debug\othereffect.obj
e:\경량화작업중\gameframework\gameframework\x64\debug\otherattackbox.obj
e:\경량화작업중\gameframework\gameframework\x64\debug\number.obj
e:\경량화작업중\gameframework\gameframework\x64\debug\npc1.obj
e:\경량화작업중\gameframework\gameframework\x64\debug\networkmanager.obj
e:\경량화작업중\gameframework\gameframework\x64\debug\nenguard.obj
e:\경량화작업중\gameframework\gameframework\x64\debug\mouse.obj
e:\경량화작업중\gameframework\gameframework\x64\debug\monobehaviour.obj
e:\경량화작업중\gameframework\gameframework\x64\debug\miniportal.obj
e:\경량화작업중\gameframework\gameframework\x64\debug\mathmanager.obj
e:\경량화작업중\gameframework\gameframework\x64\debug\mapbasic.obj
e:\경량화작업중\gameframework\gameframework\x64\debug\login.obj
e:\경량화작업중\gameframework\gameframework\x64\debug\lobby.obj
e:\경량화작업중\gameframework\gameframework\x64\debug\uibutton.obj
e:\경량화작업중\gameframework\gameframework\x64\debug\dnfui.obj
e:\경량화작업중\gameframework\gameframework\x64\debug\transform.obj
e:\경량화작업중\gameframework\gameframework\x64\debug\timemanager.obj
e:\경량화작업중\gameframework\gameframework\x64\debug\texture.obj
e:\경량화작업중\gameframework\gameframework\x64\debug\text.obj
e:\경량화작업중\gameframework\gameframework\x64\debug\sprite.obj
e:\경량화작업중\gameframework\gameframework\x64\debug\testcontroller.obj
e:\경량화작업중\gameframework\gameframework\x64\debug\targetbox.obj
e:\경량화작업중\gameframework\gameframework\x64\debug\atlasanimation.obj
e:\경량화작업중\gameframework\gameframework\x64\debug\status.obj
e:\경량화작업중\gameframework\gameframework\x64\debug\statemachine.obj
e:\경량화작업중\gameframework\gameframework\x64\debug\sound.obj
e:\경량화작업중\gameframework\gameframework\x64\debug\sludpclient.obj
e:\경량화작업중\gameframework\gameframework\x64\debug\sltcpclient.obj
e:\경량화작업중\gameframework\gameframework\x64\debug\skill.obj
e:\경량화작업중\gameframework\gameframework\x64\debug\shader.obj
e:\경량화작업중\gameframework\gameframework\x64\debug\scenemanager.obj
e:\경량화작업중\gameframework\gameframework\x64\debug\rigidbody.obj
e:\경량화작업중\gameframework\gameframework\x64\debug\resourcemanagement.obj
e:\경량화작업중\gameframework\gameframework\x64\debug\weaponstatus.obj
e:\경량화작업중\gameframework\gameframework\x64\debug\weaponeffect.obj
e:\경량화작업중\gameframework\gameframework\x64\debug\weapon.obj
e:\경량화작업중\gameframework\gameframework\x64\debug\uiwindow.obj
e:\경량화작업중\gameframework\gameframework\x64\debug\uitext.obj
e:\경량화작업중\gameframework\gameframework\x64\debug\uilabel.obj
e:\경량화작업중\gameframework\gameframework\x64\debug\uicomponent.obj
e:\네오플\매이플 갠포폴__\메이플 갠포폴\gameframework\x64\debug\atlasshader.cso
e:\네오플\매이플 갠포폴__\메이플 갠포폴\gameframework\x64\debug\debugshader.cso
e:\네오플\매이플 갠포폴__\메이플 갠포폴\gameframework\x64\debug\screenshader.cso
e:\네오플\매이플 갠포폴__\메이플 갠포폴\gameframework\x64\debug\statusshader.cso
e:\네오플\매이플 갠포폴__\메이플 갠포폴\gameframework\x64\debug\textureshader.cso
e:\경량화작업중\gameframework\x64\debug\atlasshader.cso
e:\경량화작업중\gameframework\x64\debug\debugshader.cso
e:\경량화작업중\gameframework\x64\debug\screenshader.cso
e:\경량화작업중\gameframework\x64\debug\statusshader.cso
e:\경량화작업중\gameframework\x64\debug\textureshader.cso
e:\네오플\매이플 갠포폴__\메이플 갠포폴\gameframework\x64\debug\gameframework.exe
e:\네오플\매이플 갠포폴__\메이플 갠포폴\gameframework\x64\debug\gameframework.ilk
e:\네오플\매이플 갠포폴__\메이플 갠포폴\gameframework\x64\debug\gameframework.pdb
e:\경량화작업중\gameframework\x64\debug\gameframework.exe
e:\경량화작업중\gameframework\x64\debug\gameframework.ilk
e:\경량화작업중\gameframework\x64\debug\gameframework.pdb
e:\네오플\매이플 갠포폴__\메이플 갠포폴\gameframework\gameframework\x64\debug\gameframework.res
e:\경량화작업중\gameframework\gameframework\x64\debug\gameframework.res
e:\경량화작업중\gameframework\gameframework\x64\debug\gameframework.tlog\cl.command.1.tlog
e:\경량화작업중\gameframework\gameframework\x64\debug\gameframework.tlog\cl.read.1.tlog
e:\경량화작업중\gameframework\gameframework\x64\debug\gameframework.tlog\cl.write.1.tlog
e:\경량화작업중\gameframework\gameframework\x64\debug\gameframework.tlog\fxc.command.1.tlog
e:\경량화작업중\gameframework\gameframework\x64\debug\gameframework.tlog\fxc.read.1.tlog
e:\경량화작업중\gameframework\gameframework\x64\debug\gameframework.tlog\fxc.write.1.tlog
e:\경량화작업중\gameframework\gameframework\x64\debug\gameframework.tlog\link.command.1.tlog
e:\경량화작업중\gameframework\gameframework\x64\debug\gameframework.tlog\link.read.1.tlog
e:\경량화작업중\gameframework\gameframework\x64\debug\gameframework.tlog\link.write.1.tlog
e:\경량화작업중\gameframework\gameframework\x64\debug\gameframework.tlog\rc.command.1.tlog
e:\경량화작업중\gameframework\gameframework\x64\debug\gameframework.tlog\rc.read.1.tlog
e:\경량화작업중\gameframework\gameframework\x64\debug\gameframework.tlog\rc.write.1.tlog
